# JRE version: Java(TM) SE Runtime Environment (8.0_261-b12) (build 1.8.0_261-b12)
# Java VM: Java HotSpot(TM) 64-Bit Server VM (25.261-b12 mixed mode windows-amd64 compressed oops)
Heap:
 PSYoungGen      total 151040K, used 65773K [0x00000000f5580000, 0x00000000fff00000, 0x0000000100000000)
  eden space 130560K, 48% used [0x00000000f5580000,0x00000000f92b3400,0x00000000fd500000)
  from space 20480K, 15% used [0x00000000fd500000,0x00000000fd808040,0x00000000fe900000)
  to   space 19456K, 0% used [0x00000000fec00000,0x00000000fec00000,0x00000000fff00000)
 ParOldGen       total 197120K, used 86691K [0x00000000e0000000, 0x00000000ec080000, 0x00000000f5580000)
  object space 197120K, 43% used [0x00000000e0000000,0x00000000e54a8ea8,0x00000000ec080000)
 Metaspace       used 87174K, capacity 90834K, committed 91008K, reserved 1128448K
  class space    used 11836K, capacity 12641K, committed 12672K, reserved 1048576K
GC Heap History (10 events):
Event: 58.914 GC heap before
{Heap before GC invocations=62 (full 3):
 PSYoungGen      total 146432K, used 126688K [0x00000000f5580000, 0x00000000ffc80000, 0x0000000100000000)
  eden space 122880K, 100% used [0x00000000f5580000,0x00000000fcd80000,0x00000000fcd80000)
  from space 23552K, 16% used [0x00000000fe580000,0x00000000fe938040,0x00000000ffc80000)
  to   space 24064K, 0% used [0x00000000fcd80000,0x00000000fcd80000,0x00000000fe500000)
 ParOldGen       total 197120K, used 85283K [0x00000000e0000000, 0x00000000ec080000, 0x00000000f5580000)
  object space 197120K, 43% used [0x00000000e0000000,0x00000000e5348ea8,0x00000000ec080000)
 Metaspace       used 86954K, capacity 90578K, committed 90752K, reserved 1128448K
  class space    used 11825K, capacity 12641K, committed 12672K, reserved 1048576K
Event: 58.918 GC heap after
Heap after GC invocations=62 (full 3):
 PSYoungGen      total 146944K, used 2176K [0x00000000f5580000, 0x00000000fff80000, 0x0000000100000000)
  eden space 122880K, 0% used [0x00000000f5580000,0x00000000f5580000,0x00000000fcd80000)
  from space 24064K, 9% used [0x00000000fcd80000,0x00000000fcfa0040,0x00000000fe500000)
  to   space 23552K, 0% used [0x00000000fe880000,0x00000000fe880000,0x00000000fff80000)
 ParOldGen       total 197120K, used 85947K [0x00000000e0000000, 0x00000000ec080000, 0x00000000f5580000)
  object space 197120K, 43% used [0x00000000e0000000,0x00000000e53eeea8,0x00000000ec080000)
 Metaspace       used 86954K, capacity 90578K, committed 90752K, reserved 1128448K
  class space    used 11825K, capacity 12641K, committed 12672K, reserved 1048576K
}
Event: 59.359 GC heap before
{Heap before GC invocations=63 (full 3):
 PSYoungGen      total 146944K, used 125056K [0x00000000f5580000, 0x00000000fff80000, 0x0000000100000000)
  eden space 122880K, 100% used [0x00000000f5580000,0x00000000fcd80000,0x00000000fcd80000)
  from space 24064K, 9% used [0x00000000fcd80000,0x00000000fcfa0040,0x00000000fe500000)
  to   space 23552K, 0% used [0x00000000fe880000,0x00000000fe880000,0x00000000fff80000)
 ParOldGen       total 197120K, used 85947K [0x00000000e0000000, 0x00000000ec080000, 0x00000000f5580000)
  object space 197120K, 43% used [0x00000000e0000000,0x00000000e53eeea8,0x00000000ec080000)
 Metaspace       used 87012K, capacity 90706K, committed 91008K, reserved 1128448K
  class space    used 11828K, capacity 12641K, committed 12672K, reserved 1048576K
Event: 59.363 GC heap after
Heap after GC invocations=63 (full 3):
 PSYoungGen      total 148480K, used 2704K [0x00000000f5580000, 0x00000000ffd80000, 0x0000000100000000)
  eden space 126976K, 0% used [0x00000000f5580000,0x00000000f5580000,0x00000000fd180000)
  from space 21504K, 12% used [0x00000000fe880000,0x00000000feb24030,0x00000000ffd80000)
  to   space 22528K, 0% used [0x00000000fd180000,0x00000000fd180000,0x00000000fe780000)
 ParOldGen       total 197120K, used 86379K [0x00000000e0000000, 0x00000000ec080000, 0x00000000f5580000)
  object space 197120K, 43% used [0x00000000e0000000,0x00000000e545aea8,0x00000000ec080000)
 Metaspace       used 87012K, capacity 90706K, committed 91008K, reserved 1128448K
  class space    used 11828K, capacity 12641K, committed 12672K, reserved 1048576K
}
Event: 59.785 GC heap before
{Heap before GC invocations=64 (full 3):
 PSYoungGen      total 148480K, used 129680K [0x00000000f5580000, 0x00000000ffd80000, 0x0000000100000000)
  eden space 126976K, 100% used [0x00000000f5580000,0x00000000fd180000,0x00000000fd180000)
  from space 21504K, 12% used [0x00000000fe880000,0x00000000feb24030,0x00000000ffd80000)
  to   space 22528K, 0% used [0x00000000fd180000,0x00000000fd180000,0x00000000fe780000)
 ParOldGen       total 197120K, used 86379K [0x00000000e0000000, 0x00000000ec080000, 0x00000000f5580000)
  object space 197120K, 43% used [0x00000000e0000000,0x00000000e545aea8,0x00000000ec080000)
 Metaspace       used 87112K, capacity 90706K, committed 91008K, reserved 1128448K
  class space    used 11834K, capacity 12641K, committed 12672K, reserved 1048576K
Event: 59.789 GC heap after
Heap after GC invocations=64 (full 3):
 PSYoungGen      total 149504K, used 2624K [0x00000000f5580000, 0x00000000fff00000, 0x0000000100000000)
  eden space 126976K, 0% used [0x00000000f5580000,0x00000000f5580000,0x00000000fd180000)
  from space 22528K, 11% used [0x00000000fd180000,0x00000000fd410020,0x00000000fe780000)
  to   space 21504K, 0% used [0x00000000fea00000,0x00000000fea00000,0x00000000fff00000)
 ParOldGen       total 197120K, used 86683K [0x00000000e0000000, 0x00000000ec080000, 0x00000000f5580000)
  object space 197120K, 43% used [0x00000000e0000000,0x00000000e54a6ea8,0x00000000ec080000)
 Metaspace       used 87112K, capacity 90706K, committed 91008K, reserved 1128448K
  class space    used 11834K, capacity 12641K, committed 12672K, reserved 1048576K
}
Event: 60.183 GC heap before
{Heap before GC invocations=65 (full 3):
 PSYoungGen      total 149504K, used 129600K [0x00000000f5580000, 0x00000000fff00000, 0x0000000100000000)
  eden space 126976K, 100% used [0x00000000f5580000,0x00000000fd180000,0x00000000fd180000)
  from space 22528K, 11% used [0x00000000fd180000,0x00000000fd410020,0x00000000fe780000)
  to   space 21504K, 0% used [0x00000000fea00000,0x00000000fea00000,0x00000000fff00000)
 ParOldGen       total 197120K, used 86683K [0x00000000e0000000, 0x00000000ec080000, 0x00000000f5580000)
  object space 197120K, 43% used [0x00000000e0000000,0x00000000e54a6ea8,0x00000000ec080000)
 Metaspace       used 87134K, capacity 90770K, committed 91008K, reserved 1128448K
  class space    used 11835K, capacity 12641K, committed 12672K, reserved 1048576K
Event: 60.187 GC heap after
Heap after GC invocations=65 (full 3):
 PSYoungGen      total 150016K, used 2672K [0x00000000f5580000, 0x00000000ffd00000, 0x0000000100000000)
  eden space 130560K, 0% used [0x00000000f5580000,0x00000000f5580000,0x00000000fd500000)
  from space 19456K, 13% used [0x00000000fea00000,0x00000000fec9c030,0x00000000ffd00000)
  to   space 20480K, 0% used [0x00000000fd500000,0x00000000fd500000,0x00000000fe900000)
 ParOldGen       total 197120K, used 86691K [0x00000000e0000000, 0x00000000ec080000, 0x00000000f5580000)
  object space 197120K, 43% used [0x00000000e0000000,0x00000000e54a8ea8,0x00000000ec080000)
 Metaspace       used 87134K, capacity 90770K, committed 91008K, reserved 1128448K
  class space    used 11835K, capacity 12641K, committed 12672K, reserved 1048576K
}
Event: 60.591 GC heap before
{Heap before GC invocations=66 (full 3):
 PSYoungGen      total 150016K, used 133232K [0x00000000f5580000, 0x00000000ffd00000, 0x0000000100000000)
  eden space 130560K, 100% used [0x00000000f5580000,0x00000000fd500000,0x00000000fd500000)
  from space 19456K, 13% used [0x00000000fea00000,0x00000000fec9c030,0x00000000ffd00000)
  to   space 20480K, 0% used [0x00000000fd500000,0x00000000fd500000,0x00000000fe900000)
 ParOldGen       total 197120K, used 86691K [0x00000000e0000000, 0x00000000ec080000, 0x00000000f5580000)
  object space 197120K, 43% used [0x00000000e0000000,0x00000000e54a8ea8,0x00000000ec080000)
 Metaspace       used 87158K, capacity 90834K, committed 91008K, reserved 1128448K
  class space    used 11835K, capacity 12641K, committed 12672K, reserved 1048576K
Event: 60.596 GC heap after
Heap after GC invocations=66 (full 3):
 PSYoungGen      total 151040K, used 3104K [0x00000000f5580000, 0x00000000fff00000, 0x0000000100000000)
  eden space 130560K, 0% used [0x00000000f5580000,0x00000000f5580000,0x00000000fd500000)
  from space 20480K, 15% used [0x00000000fd500000,0x00000000fd808040,0x00000000fe900000)
  to   space 19456K, 0% used [0x00000000fec00000,0x00000000fec00000,0x00000000fff00000)
 ParOldGen       total 197120K, used 86691K [0x00000000e0000000, 0x00000000ec080000, 0x00000000f5580000)
  object space 197120K, 43% used [0x00000000e0000000,0x00000000e54a8ea8,0x00000000ec080000)
 Metaspace       used 87158K, capacity 90834K, committed 91008K, reserved 1128448K
  class space    used 11835K, capacity 12641K, committed 12672K, reserved 1048576K
}

